<?xml version="1.0" encoding="UTF-8"?>
<testsuite name="com.example.apitableaux.ApiTableauxApplicationTests" tests="1" skipped="0" failures="0" errors="0" timestamp="2026-03-16T10:42:53.191Z" hostname="21de013" time="4.028">
  <properties/>
  <testcase name="contextLoads()" classname="com.example.apitableaux.ApiTableauxApplicationTests" time="0.328"/>
  <system-out><![CDATA[11:42:53.277 [Test worker] INFO org.springframework.test.context.support.AnnotationConfigContextLoaderUtils -- Could not detect default configuration classes for test class [com.example.apitableaux.ApiTableauxApplicationTests]: ApiTableauxApplicationTests does not declare any static, non-private, non-final, nested classes annotated with @Configuration.
11:42:53.383 [Test worker] INFO org.springframework.boot.test.context.SpringBootTestContextBootstrapper -- Found @SpringBootConfiguration com.App for test class com.example.apitableaux.ApiTableauxApplicationTests

  .   ____          _            __ _ _
 /\\ / ___'_ __ _ _(_)_ __  __ _ \ \ \ \
( ( )\___ | '_ | '_| | '_ \/ _` | \ \ \ \
 \\/  ___)| |_)| | | | | || (_| |  ) ) ) )
  '  |____| .__|_| |_|_| |_\__, | / / / /
 =========|_|==============|___/=/_/_/_/

 :: Spring Boot ::                (v3.3.5)

2026-03-16T11:42:53.618+01:00  INFO 45876 --- [API-Tableaux] [    Test worker] c.e.a.ApiTableauxApplicationTests        : Starting ApiTableauxApplicationTests using Java 21.0.7 with PID 45876 (started by lisa.venot in /home2/etudiants/master1/lisa.venot/Bureau/projetKanban/API/API-Tableaux)
2026-03-16T11:42:53.619+01:00  INFO 45876 --- [API-Tableaux] [    Test worker] c.e.a.ApiTableauxApplicationTests        : No active profile set, falling back to 1 default profile: "default"
2026-03-16T11:42:54.480+01:00  INFO 45876 --- [API-Tableaux] [    Test worker] .s.d.r.c.RepositoryConfigurationDelegate : Bootstrapping Spring Data JPA repositories in DEFAULT mode.
2026-03-16T11:42:54.652+01:00  INFO 45876 --- [API-Tableaux] [    Test worker] .s.d.r.c.RepositoryConfigurationDelegate : Finished Spring Data repository scanning in 167 ms. Found 5 JPA repository interfaces.
2026-03-16T11:42:55.025+01:00  INFO 45876 --- [API-Tableaux] [    Test worker] o.hibernate.jpa.internal.util.LogHelper  : HHH000204: Processing PersistenceUnitInfo [name: default]
2026-03-16T11:42:55.061+01:00  INFO 45876 --- [API-Tableaux] [    Test worker] org.hibernate.Version                    : HHH000412: Hibernate ORM core version 6.5.3.Final
2026-03-16T11:42:55.086+01:00  INFO 45876 --- [API-Tableaux] [    Test worker] o.h.c.internal.RegionFactoryInitiator    : HHH000026: Second-level cache disabled
2026-03-16T11:42:55.271+01:00  INFO 45876 --- [API-Tableaux] [    Test worker] o.s.o.j.p.SpringPersistenceUnitInfo      : No LoadTimeWeaver setup: ignoring JPA class transformer
2026-03-16T11:42:55.289+01:00  INFO 45876 --- [API-Tableaux] [    Test worker] com.zaxxer.hikari.HikariDataSource       : HikariPool-1 - Starting...
2026-03-16T11:42:55.350+01:00  INFO 45876 --- [API-Tableaux] [    Test worker] com.zaxxer.hikari.pool.HikariPool        : HikariPool-1 - Added connection org.mariadb.jdbc.Connection@35599228
2026-03-16T11:42:55.352+01:00  INFO 45876 --- [API-Tableaux] [    Test worker] com.zaxxer.hikari.HikariDataSource       : HikariPool-1 - Start completed.
2026-03-16T11:42:55.369+01:00  WARN 45876 --- [API-Tableaux] [    Test worker] org.hibernate.orm.deprecation            : HHH90000025: MariaDBDialect does not need to be specified explicitly using 'hibernate.dialect' (remove the property setting and it will be selected by default)
2026-03-16T11:42:55.945+01:00  INFO 45876 --- [API-Tableaux] [    Test worker] o.h.e.t.j.p.i.JtaPlatformInitiator       : HHH000489: No JTA platform available (set 'hibernate.transaction.jta.platform' to enable JTA platform integration)
2026-03-16T11:42:55.977+01:00  INFO 45876 --- [API-Tableaux] [    Test worker] j.LocalContainerEntityManagerFactoryBean : Initialized JPA EntityManagerFactory for persistence unit 'default'
2026-03-16T11:42:56.216+01:00  INFO 45876 --- [API-Tableaux] [    Test worker] eAuthenticationProviderManagerConfigurer : Global AuthenticationManager configured with AuthenticationProvider bean with name authenticationProvider
2026-03-16T11:42:56.217+01:00  WARN 45876 --- [API-Tableaux] [    Test worker] r$InitializeUserDetailsManagerConfigurer : Global AuthenticationManager configured with an AuthenticationProvider bean. UserDetailsService beans will not be used for username/password login. Consider removing the AuthenticationProvider bean. Alternatively, consider using the UserDetailsService in a manually instantiated DaoAuthenticationProvider.
2026-03-16T11:42:56.370+01:00  WARN 45876 --- [API-Tableaux] [    Test worker] JpaBaseConfiguration$JpaWebConfiguration : spring.jpa.open-in-view is enabled by default. Therefore, database queries may be performed during view rendering. Explicitly configure spring.jpa.open-in-view to disable this warning
2026-03-16T11:42:56.883+01:00  INFO 45876 --- [API-Tableaux] [    Test worker] c.e.a.ApiTableauxApplicationTests        : Started ApiTableauxApplicationTests in 3.409 seconds (process running for 4.091)
]]></system-out>
  <system-err><![CDATA[WARNING: A Java agent has been loaded dynamically (/home2/etudiants/master1/lisa.venot/.gradle/caches/modules-2/files-2.1/net.bytebuddy/byte-buddy-agent/1.14.19/154da3a65b4f4a909d3e5bdec55d1b2b4cbb6ce1/byte-buddy-agent-1.14.19.jar)
WARNING: If a serviceability tool is in use, please run with -XX:+EnableDynamicAgentLoading to hide this warning
WARNING: If a serviceability tool is not in use, please run with -Djdk.instrument.traceUsage for more information
WARNING: Dynamic loading of agents will be disallowed by default in a future release
]]></system-err>
</testsuite>
